0 info it worked if it ends with ok
1 verbose cli [ 'D:\\Program Files\\nodejs\\node.exe',
1 verbose cli   'D:\\Program Files\\nodejs\\node_modules\\npm\\bin\\npm-cli.js',
1 verbose cli   'start' ]
2 info using npm@3.10.10
3 info using node@v6.11.0
4 verbose run-script [ 'prestart', 'start', 'poststart' ]
5 info lifecycle Hello@0.0.1~prestart: Hello@0.0.1
6 silly lifecycle Hello@0.0.1~prestart: no script for prestart, continuing
7 info lifecycle Hello@0.0.1~start: Hello@0.0.1
8 verbose lifecycle Hello@0.0.1~start: unsafe-perm in lifecycle true
9 verbose lifecycle Hello@0.0.1~start: PATH: D:\Program Files\nodejs\node_modules\npm\bin\node-gyp-bin;D:\temp\Hello\node_modules\.bin;C:\ProgramData\Oracle\Java\javapath;C:\WINDOWS\system32;C:\WINDOWS;C:\WINDOWS\System32\Wbem;C:\WINDOWS\System32\WindowsPowerShell\v1.0\;C:\Program Files\Java\jdk1.8.0_31\bin;C:\Program Files (x86)\MacType;D:\master\DevelopmentKit\apache-maven-3.3.3\bin;D:\Programs\Eclipse-Che-3.12\tools\apache-maven\bin;D:\Programs\Eclipse-Che-3.12\tools\jre\bin;C:\Program Files\Git\cmd;C:\Program Files\TortoiseSVN\bin;C:\Program Files (x86)\NVIDIA Corporation\PhysX\Common;C:\Program Files\TortoiseGit\bin;C:\WINDOWS\system32;C:\WINDOWS;C:\WINDOWS\System32\Wbem;C:\WINDOWS\System32\WindowsPowerShell\v1.0\;D:\Program Files\nodejs\;C:\Program Files\MySQL\MySQL Utilities 1.6\;C:\Users\liumingxue\AppData\Local\Programs\Python\Python36-32\Scripts\;C:\Users\liumingxue\AppData\Local\Programs\Python\Python36-32\;%VIRTUALBOX%;C:\Users\liumingxue\AppData\Local\Microsoft\WindowsApps;D:\android-sdk-windows\tools;D:\android-sdk-windows\platform-tools;C:\Program Files\Java\jdk1.8.0_31\bin;C:\Users\liumingxue\AppData\Roaming\npm;C:\Users\liumingxue\AppData\Local\Programs\Fiddler;C:\Users\liumingxue\AppData\Local\GitHubDesktop\bin;D:\Users\liumingxue\AppData\Local\Programs\Fiddler
10 verbose lifecycle Hello@0.0.1~start: CWD: D:\temp\Hello
11 silly lifecycle Hello@0.0.1~start: Args: [ '/d /s /c',
11 silly lifecycle   'node node_modules/react-native/local-cli/cli.js start' ]
12 silly lifecycle Hello@0.0.1~start: Returned: code: 11  signal: null
13 info lifecycle Hello@0.0.1~start: Failed to exec start script
14 verbose stack Error: Hello@0.0.1 start: `node node_modules/react-native/local-cli/cli.js start`
14 verbose stack Exit status 11
14 verbose stack     at EventEmitter.<anonymous> (D:\Program Files\nodejs\node_modules\npm\lib\utils\lifecycle.js:255:16)
14 verbose stack     at emitTwo (events.js:106:13)
14 verbose stack     at EventEmitter.emit (events.js:191:7)
14 verbose stack     at ChildProcess.<anonymous> (D:\Program Files\nodejs\node_modules\npm\lib\utils\spawn.js:40:14)
14 verbose stack     at emitTwo (events.js:106:13)
14 verbose stack     at ChildProcess.emit (events.js:191:7)
14 verbose stack     at maybeClose (internal/child_process.js:891:16)
14 verbose stack     at Process.ChildProcess._handle.onexit (internal/child_process.js:226:5)
15 verbose pkgid Hello@0.0.1
16 verbose cwd D:\temp\Hello
17 error Windows_NT 10.0.15063
18 error argv "D:\\Program Files\\nodejs\\node.exe" "D:\\Program Files\\nodejs\\node_modules\\npm\\bin\\npm-cli.js" "start"
19 error node v6.11.0
20 error npm  v3.10.10
21 error code ELIFECYCLE
22 error Hello@0.0.1 start: `node node_modules/react-native/local-cli/cli.js start`
22 error Exit status 11
23 error Failed at the Hello@0.0.1 start script 'node node_modules/react-native/local-cli/cli.js start'.
23 error Make sure you have the latest version of node.js and npm installed.
23 error If you do, this is most likely a problem with the Hello package,
23 error not with npm itself.
23 error Tell the author that this fails on your system:
23 error     node node_modules/react-native/local-cli/cli.js start
23 error You can get information on how to open an issue for this project with:
23 error     npm bugs Hello
23 error Or if that isn't available, you can get their info via:
23 error     npm owner ls Hello
23 error There is likely additional logging output above.
24 verbose exit [ 1, true ]
